{
  "0 debug pnpm:scope": {
    "selected": 1
  },
  "1 info pnpm": {
    "err": {
      "name": "Error",
      "message": "Command failed with ENOENT: vite\nspawn vite ENOENT",
      "code": "ENOENT",
      "stack": "Error: Command failed with ENOENT: vite\nspawn vite ENOENT\n    at Process.ChildProcess._handle.onexit (internal/child_process.js:274:19)\n    at onErrorNT (internal/child_process.js:469:16)\n    at processTicksAndRejections (internal/process/task_queues.js:82:21)"
    }
  },
  "2 error pnpm": {
    "errno": -2,
    "code": "ERR_PNPM_RECURSIVE_EXEC_FIRST_FAIL",
    "syscall": "spawn vite",
    "path": "vite",
    "spawnargs": [],
    "originalMessage": "spawn vite ENOENT",
    "shortMessage": "Command failed with ENOENT: vite\nspawn vite ENOENT",
    "command": "vite",
    "escapedCommand": "vite",
    "failed": true,
    "timedOut": false,
    "isCanceled": false,
    "killed": false,
    "prefix": "/home/vagrant/code/slot_game",
    "err": {
      "name": "Error",
      "message": "Command failed with ENOENT: vite\nspawn vite ENOENT",
      "code": "ERR_PNPM_RECURSIVE_EXEC_FIRST_FAIL",
      "stack": "Error: Command failed with ENOENT: vite\nspawn vite ENOENT\n    at Process.ChildProcess._handle.onexit (internal/child_process.js:274:19)\n    at onErrorNT (internal/child_process.js:469:16)\n    at processTicksAndRejections (internal/process/task_queues.js:82:21)"
    }
  }
}